  main.cpp
c:\users\lyw\desktop\lyw\datastructure\sqlistsort\sqlistsort\sqlistsort.h(53): error C3861: “n”: 找不到标识符
c:\users\lyw\desktop\lyw\datastructure\sqlistsort\sqlistsort\sqlistsort.h(55): error C3861: “elem”: 找不到标识符
c:\users\lyw\desktop\lyw\datastructure\sqlistsort\sqlistsort\sqlistsort.h(61): error C3861: “elem”: 找不到标识符
c:\users\lyw\desktop\lyw\datastructure\sqlistsort\sqlistsort\sqlistsort.h(67): error C3861: “elem”: 找不到标识符
c:\users\lyw\desktop\lyw\datastructure\sqlistsort\sqlistsort\sqlistsort.h(68): error C3861: “elem”: 找不到标识符
c:\users\lyw\desktop\lyw\datastructure\sqlistsort\sqlistsort\sqlistsort.h(78): error C3861: “n”: 找不到标识符
c:\users\lyw\desktop\lyw\datastructure\sqlistsort\sqlistsort\sqlistsort.h(78): error C3861: “j”: 找不到标识符
c:\users\lyw\desktop\lyw\datastructure\sqlistsort\sqlistsort\sqlistsort.h(81): error C3861: “n”: 找不到标识符
c:\users\lyw\desktop\lyw\datastructure\sqlistsort\sqlistsort\sqlistsort.h(83): error C3861: “elem”: 找不到标识符
c:\users\lyw\desktop\lyw\datastructure\sqlistsort\sqlistsort\sqlistsort.h(86): error C3861: “elem”: 找不到标识符
c:\users\lyw\desktop\lyw\datastructure\sqlistsort\sqlistsort\sqlistsort.h(87): error C3861: “elem”: 找不到标识符
c:\users\lyw\desktop\lyw\datastructure\sqlistsort\sqlistsort\sqlistsort.h(88): error C3861: “elem”: 找不到标识符
c:\users\lyw\desktop\lyw\datastructure\sqlistsort\sqlistsort\sqlistsort.h(98): error C3861: “n”: 找不到标识符
c:\users\lyw\desktop\lyw\datastructure\sqlistsort\sqlistsort\sqlistsort.h(109): error C3861: “n”: 找不到标识符
c:\users\lyw\desktop\lyw\datastructure\sqlistsort\sqlistsort\sqlistsort.h(110): error C3861: “n”: 找不到标识符
c:\users\lyw\desktop\lyw\datastructure\sqlistsort\sqlistsort\sqlistsort.h(111): error C3861: “n”: 找不到标识符
c:\users\lyw\desktop\lyw\datastructure\sqlistsort\sqlistsort\sqlistsort.h(113): error C3861: “elem”: 找不到标识符
c:\users\lyw\desktop\lyw\datastructure\sqlistsort\sqlistsort\sqlistsort.h(114): error C3861: “elem”: 找不到标识符
c:\users\lyw\desktop\lyw\datastructure\sqlistsort\sqlistsort\sqlistsort.h(115): error C3861: “elem”: 找不到标识符
c:\users\lyw\desktop\lyw\datastructure\sqlistsort\sqlistsort\sqlistsort.h(123): error C3861: “elem”: 找不到标识符
c:\users\lyw\desktop\lyw\datastructure\sqlistsort\sqlistsort\sqlistsort.h(126): error C3861: “elem”: 找不到标识符
c:\users\lyw\desktop\lyw\datastructure\sqlistsort\sqlistsort\sqlistsort.h(128): error C3861: “elem”: 找不到标识符
c:\users\lyw\desktop\lyw\datastructure\sqlistsort\sqlistsort\sqlistsort.h(130): error C3861: “elem”: 找不到标识符
c:\users\lyw\desktop\lyw\datastructure\sqlistsort\sqlistsort\sqlistsort.h(134): error C3861: “elem”: 找不到标识符
c:\users\lyw\desktop\lyw\datastructure\sqlistsort\sqlistsort\sqlistsort.h(143): error C3861: “n”: 找不到标识符
c:\users\lyw\desktop\lyw\datastructure\sqlistsort\sqlistsort\sqlistsort.h(147): error C3861: “i”: 找不到标识符
c:\users\lyw\desktop\lyw\datastructure\sqlistsort\sqlistsort\sqlistsort.h(147): error C3861: “n”: 找不到标识符
c:\users\lyw\desktop\lyw\datastructure\sqlistsort\sqlistsort\sqlistsort.h(149): error C3861: “elem”: 找不到标识符
c:\users\lyw\desktop\lyw\datastructure\sqlistsort\sqlistsort\sqlistsort.h(149): error C3861: “i”: 找不到标识符
c:\users\lyw\desktop\lyw\datastructure\sqlistsort\sqlistsort\sqlistsort.h(150): error C3861: “i”: 找不到标识符
c:\users\lyw\desktop\lyw\datastructure\sqlistsort\sqlistsort\sqlistsort.h(151): error C3861: “i”: 找不到标识符
c:\users\lyw\desktop\lyw\datastructure\sqlistsort\sqlistsort\sqlistsort.h(151): error C3861: “elem”: 找不到标识符
c:\users\lyw\desktop\lyw\datastructure\sqlistsort\sqlistsort\sqlistsort.h(153): error C3861: “elem”: 找不到标识符
c:\users\lyw\desktop\lyw\datastructure\sqlistsort\sqlistsort\sqlistsort.h(156): error C3861: “elem”: 找不到标识符
c:\users\lyw\desktop\lyw\datastructure\sqlistsort\sqlistsort\sqlistsort.h(156): error C3861: “j”: 找不到标识符
c:\users\lyw\desktop\lyw\datastructure\sqlistsort\sqlistsort\sqlistsort.h(157): error C3861: “j”: 找不到标识符
c:\users\lyw\desktop\lyw\datastructure\sqlistsort\sqlistsort\sqlistsort.h(165): error C3861: “n”: 找不到标识符
c:\users\lyw\desktop\lyw\datastructure\sqlistsort\sqlistsort\sqlistsort.h(189): error C3861: “elem”: 找不到标识符
c:\users\lyw\desktop\lyw\datastructure\sqlistsort\sqlistsort\sqlistsort.h(190): error C3861: “K”: 找不到标识符
c:\users\lyw\desktop\lyw\datastructure\sqlistsort\sqlistsort\sqlistsort.h(190): error C3861: “elem”: 找不到标识符
c:\users\lyw\desktop\lyw\datastructure\sqlistsort\sqlistsort\sqlistsort.h(192): error C3861: “elem”: 找不到标识符
c:\users\lyw\desktop\lyw\datastructure\sqlistsort\sqlistsort\sqlistsort.h(194): error C3861: “i”: 找不到标识符
c:\users\lyw\desktop\lyw\datastructure\sqlistsort\sqlistsort\sqlistsort.h(196): error C3861: “i”: 找不到标识符
c:\users\lyw\desktop\lyw\datastructure\sqlistsort\sqlistsort\sqlistsort.h(197): error C3861: “elem”: 找不到标识符
c:\users\lyw\desktop\lyw\datastructure\sqlistsort\sqlistsort\sqlistsort.h(197): error C3861: “i”: 找不到标识符
c:\users\lyw\desktop\lyw\datastructure\sqlistsort\sqlistsort\sqlistsort.h(199): error C3861: “j”: 找不到标识符
c:\users\lyw\desktop\lyw\datastructure\sqlistsort\sqlistsort\sqlistsort.h(201): error C3861: “j”: 找不到标识符
c:\users\lyw\desktop\lyw\datastructure\sqlistsort\sqlistsort\sqlistsort.h(202): error C3861: “elem”: 找不到标识符
c:\users\lyw\desktop\lyw\datastructure\sqlistsort\sqlistsort\sqlistsort.h(202): error C3861: “j”: 找不到标识符
c:\users\lyw\desktop\lyw\datastructure\sqlistsort\sqlistsort\sqlistsort.h(205): error C3861: “elem”: 找不到标识符
c:\users\lyw\desktop\lyw\datastructure\sqlistsort\sqlistsort\sqlistsort.h(212): error C3861: “n”: 找不到标识符
c:\users\lyw\desktop\lyw\datastructure\sqlistsort\sqlistsort\sqlistsort.h(232): error C3861: “elem”: 找不到标识符
c:\users\lyw\desktop\lyw\datastructure\sqlistsort\sqlistsort\sqlistsort.h(235): error C3861: “elem”: 找不到标识符
c:\users\lyw\desktop\lyw\datastructure\sqlistsort\sqlistsort\sqlistsort.h(237): error C3861: “elem”: 找不到标识符
c:\users\lyw\desktop\lyw\datastructure\sqlistsort\sqlistsort\sqlistsort.h(238): error C3861: “elem”: 找不到标识符
c:\users\lyw\desktop\lyw\datastructure\sqlistsort\sqlistsort\sqlistsort.h(240): error C3861: “elem”: 找不到标识符
c:\users\lyw\desktop\lyw\datastructure\sqlistsort\sqlistsort\sqlistsort.h(242): error C3861: “elem”: 找不到标识符
c:\users\lyw\desktop\lyw\datastructure\sqlistsort\sqlistsort\sqlistsort.h(251): error C3861: “n”: 找不到标识符
c:\users\lyw\desktop\lyw\datastructure\sqlistsort\sqlistsort\sqlistsort.h(253): error C3861: “k”: 找不到标识符
c:\users\lyw\desktop\lyw\datastructure\sqlistsort\sqlistsort\sqlistsort.h(263): error C3861: “n”: 找不到标识符
c:\users\lyw\desktop\lyw\datastructure\sqlistsort\sqlistsort\sqlistsort.h(266): error C3861: “elem”: 找不到标识符
c:\users\lyw\desktop\lyw\datastructure\sqlistsort\sqlistsort\sqlistsort.h(268): error C3861: “elem”: 找不到标识符
c:\users\lyw\desktop\lyw\datastructure\sqlistsort\sqlistsort\sqlistsort.h(269): error C3861: “elem”: 找不到标识符
c:\users\lyw\desktop\lyw\datastructure\sqlistsort\sqlistsort\sqlistsort.h(270): error C3861: “elem”: 找不到标识符
c:\users\lyw\desktop\lyw\datastructure\sqlistsort\sqlistsort\sqlistsort.h(271): error C3861: “elem”: 找不到标识符
c:\users\lyw\desktop\lyw\datastructure\sqlistsort\sqlistsort\sqlistsort.h(282): error C3861: “n”: 找不到标识符
c:\users\lyw\desktop\lyw\datastructure\sqlistsort\sqlistsort\sqlistsort.h(285): error C3861: “n”: 找不到标识符
c:\users\lyw\desktop\lyw\datastructure\sqlistsort\sqlistsort\sqlistsort.h(286): error C3861: “elem”: 找不到标识符
c:\users\lyw\desktop\lyw\datastructure\sqlistsort\sqlistsort\sqlistsort.h(290): error C3861: “elem”: 找不到标识符
c:\users\lyw\desktop\lyw\datastructure\sqlistsort\sqlistsort\sqlistsort.h(291): error C3861: “elem”: 找不到标识符
c:\users\lyw\desktop\lyw\datastructure\sqlistsort\sqlistsort\sqlistsort.h(292): error C3861: “elem”: 找不到标识符
c:\users\lyw\desktop\lyw\datastructure\sqlistsort\sqlistsort\sqlistsort.h(307): error C3861: “clear”: 找不到标识符
  c:\users\lyw\desktop\lyw\datastructure\sqlistsort\sqlistsort\sqlistsort.h(307): note: “clear”: 函数声明必须可用，因为所有参数都不依赖于模板参数
c:\users\lyw\desktop\lyw\datastructure\sqlistsort\sqlistsort\sqlistsort.h(314): error C3861: “listSize”: 找不到标识符
c:\users\lyw\desktop\lyw\datastructure\sqlistsort\sqlistsort\sqlistsort.h(316): error C3861: “listSize”: 找不到标识符
c:\users\lyw\desktop\lyw\datastructure\sqlistsort\sqlistsort\sqlistsort.h(317): error C3861: “n”: 找不到标识符
c:\users\lyw\desktop\lyw\datastructure\sqlistsort\sqlistsort\sqlistsort.h(318): error C3861: “n”: 找不到标识符
c:\users\lyw\desktop\lyw\datastructure\sqlistsort\sqlistsort\sqlistsort.h(320): error C3861: “elem”: 找不到标识符
c:\users\lyw\desktop\lyw\datastructure\sqlistsort\sqlistsort\sqlistsort.h(327): error C3861: “SqLsitSort”: 找不到标识符
  c:\users\lyw\desktop\lyw\datastructure\sqlistsort\sqlistsort\sqlistsort.h(333): note: 参见对正在编译的 类 模板 实例化 "MySqListSort<ElemType>" 的引用
c:\users\lyw\desktop\lyw\datastructure\sqlistsort\sqlistsort\sqlistsort.h(327): error C2143: 语法错误: 缺少“,”(在“<”的前面)
c:\users\lyw\desktop\lyw\datastructure\sqlistsort\sqlistsort\sqlistsort.h(345): error C3861: “n”: 找不到标识符
c:\users\lyw\desktop\lyw\datastructure\sqlistsort\sqlistsort\mystaticlist.h(24): error C3861: “n”: 找不到标识符
c:\users\lyw\desktop\lyw\datastructure\sqlistsort\sqlistsort\mystaticlist.h(30): error C3861: “n”: 找不到标识符
c:\users\lyw\desktop\lyw\datastructure\sqlistsort\sqlistsort\mystaticlist.h(34): error C3861: “n”: 找不到标识符
c:\users\lyw\desktop\lyw\datastructure\sqlistsort\sqlistsort\mystaticlist.h(52): error C3861: “n”: 找不到标识符
c:\users\lyw\desktop\lyw\datastructure\sqlistsort\sqlistsort\mystaticlist.h(64): error C3861: “n”: 找不到标识符
c:\users\lyw\desktop\lyw\datastructure\sqlistsort\sqlistsort\mystaticlist.h(65): error C3861: “elem”: 找不到标识符
c:\users\lyw\desktop\lyw\datastructure\sqlistsort\sqlistsort\mystaticlist.h(66): error C3861: “elem”: 找不到标识符
c:\users\lyw\desktop\lyw\datastructure\sqlistsort\sqlistsort\mystaticlist.h(66): error C3861: “n”: 找不到标识符
c:\users\lyw\desktop\lyw\datastructure\sqlistsort\sqlistsort\mystaticlist.h(67): error C3861: “i”: 找不到标识符
c:\users\lyw\desktop\lyw\datastructure\sqlistsort\sqlistsort\mystaticlist.h(69): error C3861: “i”: 找不到标识符
c:\users\lyw\desktop\lyw\datastructure\sqlistsort\sqlistsort\mystaticlist.h(70): error C3861: “i”: 找不到标识符
c:\users\lyw\desktop\lyw\datastructure\sqlistsort\sqlistsort\mystaticlist.h(79): error C3861: “elem”: 找不到标识符
c:\users\lyw\desktop\lyw\datastructure\sqlistsort\sqlistsort\mystaticlist.h(79): error C3861: “j”: 找不到标识符
c:\users\lyw\desktop\lyw\datastructure\sqlistsort\sqlistsort\mystaticlist.h(80): error C3861: “j”: 找不到标识符
c:\users\lyw\desktop\lyw\datastructure\sqlistsort\sqlistsort\mystaticlist.h(81): error C3861: “j”: 找不到标识符
c:\users\lyw\desktop\lyw\datastructure\sqlistsort\sqlistsort\mystaticlist.h(83): error C3861: “j”: 找不到标识符
c:\users\lyw\desktop\lyw\datastructure\sqlistsort\sqlistsort\mystaticlist.h(84): error C3861: “j”: 找不到标识符
c:\users\lyw\desktop\lyw\datastructure\sqlistsort\sqlistsort\mystaticlist.h(85): error C3861: “j”: 找不到标识符
c:\users\lyw\desktop\lyw\datastructure\sqlistsort\sqlistsort\mystaticlist.h(87): error C3861: “elem”: 找不到标识符
c:\users\lyw\desktop\lyw\datastructure\sqlistsort\sqlistsort\mystaticlist.h(87): error C3861: “j”: 找不到标识符
c:\users\lyw\desktop\lyw\datastructure\sqlistsort\sqlistsort\mystaticlist.h(88): error C3861: “j”: 找不到标识符
c:\users\lyw\desktop\lyw\datastructure\sqlistsort\sqlistsort\mystaticlist.h(92): fatal error C1003: 错误计数超过 100；正在停止编译
