  main.cpp
c:\users\lyw\desktop\lyw\datastructure\sqstack\sqstack\sqstack.h(101): warning C4244: “初始化”: 从“__int64”转换到“int”，可能丢失数据
  c:\users\lyw\desktop\lyw\datastructure\sqstack\sqstack\sqstack.h(100): note: 编译 类 模板 成员函数 "void SqStack<BiTree<ElemType>::Node *>::push(BiTree<ElemType>::Node*)" 时
          with
          [
              ElemType=char
          ]
  c:\users\lyw\desktop\lyw\datastructure\bitree\bitree\bitree.h(360): note: 参见对正在编译的函数 模板 实例化“void SqStack<BiTree<ElemType>::Node *>::push(BiTree<ElemType>::Node*)”的引用
          with
          [
              ElemType=char
          ]
  c:\users\lyw\desktop\lyw\datastructure\bitree\bitree\bitree.h(355): note: 参见对正在编译的 类 模板 实例化 "SqStack<BiTree<ElemType>::Node *>" 的引用
          with
          [
              ElemType=char
          ]
  c:\users\lyw\desktop\lyw\datastructure\bitree\bitree\bitree.h(353): note: 编译 类 模板 成员函数 "void BiTree<ElemType>::noRecursionInOrderTraverse(void)" 时
          with
          [
              ElemType=char
          ]
  c:\users\lyw\desktop\lyw\datastructure\bitree\bitree\test9.h(106): note: 参见对正在编译的函数 模板 实例化“void BiTree<ElemType>::noRecursionInOrderTraverse(void)”的引用
          with
          [
              ElemType=char
          ]
  c:\users\lyw\desktop\lyw\datastructure\bitree\bitree\bitree.h(452): note: 编译 类 模板 成员函数 "BiTree<ElemType>::BiTree(void)" 时
          with
          [
              ElemType=char
          ]
  c:\users\lyw\desktop\lyw\datastructure\bitree\bitree\main.cpp(112): note: 参见对正在编译的函数 模板 实例化“BiTree<ElemType>::BiTree(void)”的引用
          with
          [
              ElemType=char
          ]
  c:\users\lyw\desktop\lyw\datastructure\bitree\bitree\bitree.h(534): note: 参见对正在编译的 类 模板 实例化 "BiTree<ElemType>" 的引用
          with
          [
              ElemType=char
          ]
  c:\users\lyw\desktop\lyw\datastructure\bitree\bitree\main.cpp(22): note: 参见对正在编译的 类 模板 实例化 "MyBiTree<char>" 的引用
  正在生成代码
  1 of 101 functions ( 1.0%) were compiled, the rest were copied from previous compilation.
    0 functions were new in current compilation
    0 functions had inline decision re-evaluated but remain unchanged
  已完成代码的生成
  BiTree.vcxproj -> C:\Users\lyw\Desktop\lyw\DataStructure\BiTree\x64\Release\BiTree.exe
